\BOOKMARK [0][-]{section*.2}{\376\377\000K\000A\000T\000A\000\040\000P\000E\000N\000G\000A\000N\000T\000A\000R}{}% 1
\BOOKMARK [0][-]{section*.3}{\376\377\000R\000I\000N\000G\000K\000A\000S\000A\000N}{}% 2
\BOOKMARK [0][-]{section*.4}{\376\377\000D\000A\000F\000T\000A\000R\000\040\000I\000S\000I}{}% 3
\BOOKMARK [0][-]{section*.6}{\376\377\000D\000A\000F\000T\000A\000R\000\040\000G\000A\000M\000B\000A\000R}{}% 4
\BOOKMARK [0][-]{chapter.1}{\376\377\000P\000E\000N\000D\000A\000H\000U\000L\000U\000A\000N}{}% 5
\BOOKMARK [1][-]{section.1.1}{\376\377\000L\000a\000t\000a\000r\000\040\000B\000e\000l\000a\000k\000a\000n\000g}{chapter.1}% 6
\BOOKMARK [1][-]{section.1.2}{\376\377\000R\000u\000m\000u\000s\000a\000n\000\040\000M\000a\000s\000a\000l\000a\000h}{chapter.1}% 7
\BOOKMARK [1][-]{section.1.3}{\376\377\000T\000u\000j\000u\000a\000n\000\040\000P\000e\000n\000e\000l\000i\000t\000i\000a\000n}{chapter.1}% 8
\BOOKMARK [1][-]{section.1.4}{\376\377\000B\000a\000t\000a\000s\000a\000n\000\040\000M\000a\000s\000a\000l\000a\000h}{chapter.1}% 9
\BOOKMARK [1][-]{section.1.5}{\376\377\000M\000a\000n\000f\000a\000a\000t\000\040\000P\000e\000n\000e\000l\000i\000t\000i\000a\000n}{chapter.1}% 10
\BOOKMARK [1][-]{section.1.6}{\376\377\000S\000i\000s\000t\000e\000m\000a\000t\000i\000k\000a\000\040\000P\000e\000n\000u\000l\000i\000s\000a\000n}{chapter.1}% 11
\BOOKMARK [0][-]{chapter.2}{\376\377\000T\000I\000N\000J\000A\000U\000A\000N\000\040\000P\000U\000S\000T\000A\000K\000A}{}% 12
\BOOKMARK [1][-]{section.2.1}{\376\377\000T\000i\000n\000j\000a\000u\000a\000n\000\040\000P\000u\000s\000t\000a\000k\000a}{chapter.2}% 13
\BOOKMARK [1][-]{section.2.2}{\376\377\000D\000a\000s\000a\000r\000\040\000T\000e\000o\000r\000i}{chapter.2}% 14
\BOOKMARK [2][-]{subsection.2.2.1}{\376\377\000T\000e\000o\000r\000i\000\040\0001}{section.2.2}% 15
\BOOKMARK [2][-]{subsection.2.2.2}{\376\377\000T\000e\000o\000r\000i\000\040\0001}{section.2.2}% 16
\BOOKMARK [2][-]{subsection.2.2.3}{\376\377\000T\000e\000o\000r\000i\000\040\0002}{section.2.2}% 17
\BOOKMARK [2][-]{subsection.2.2.4}{\376\377\000M\000e\000t\000r\000i\000k\000\040\000P\000e\000r\000f\000o\000r\000m\000a\000:\000\040\000M\000A\000E\000,\000\040\000R\000M\000S\000E}{section.2.2}% 18
\BOOKMARK [0][-]{chapter.3}{\376\377\000M\000E\000T\000O\000D\000E\000\040\000P\000E\000N\000E\000L\000I\000T\000I\000A\000N}{}% 19
\BOOKMARK [1][-]{section.3.1}{\376\377\000A\000l\000u\000r\000\040\000P\000e\000n\000e\000l\000i\000t\000i\000a\000n}{chapter.3}% 20
\BOOKMARK [1][-]{section.3.2}{\376\377\000P\000e\000n\000j\000a\000b\000a\000r\000a\000n\000\040\000L\000a\000n\000g\000k\000a\000h\000\040\000P\000e\000n\000e\000l\000i\000t\000i\000a\000n}{chapter.3}% 21
\BOOKMARK [2][-]{subsection.3.2.1}{\376\377\000I\000d\000e\000n\000t\000i\000f\000i\000k\000a\000s\000i\000\040\000M\000a\000s\000a\000l\000a\000h}{section.3.2}% 22
\BOOKMARK [1][-]{section.3.3}{\376\377\000A\000l\000a\000t\000\040\000d\000a\000n\000\040\000B\000a\000h\000a\000n\000\040\000T\000u\000g\000a\000s\000\040\000A\000k\000h\000i\000r}{chapter.3}% 23
\BOOKMARK [2][-]{subsection.3.3.1}{\376\377\000A\000l\000a\000t}{section.3.3}% 24
\BOOKMARK [2][-]{subsection.3.3.2}{\376\377\000B\000a\000h\000a\000n}{section.3.3}% 25
\BOOKMARK [1][-]{section.3.4}{\376\377\000I\000l\000u\000s\000t\000r\000a\000s\000i\000\040\000P\000e\000r\000h\000i\000t\000u\000n\000g\000a\000n\000\040\000M\000e\000t\000o\000d\000e}{chapter.3}% 26
\BOOKMARK [0][-]{chapter.4}{\376\377\000H\000A\000S\000I\000L\000\040\000D\000A\000N\000\040\000P\000E\000M\000B\000A\000H\000A\000S\000A\000N}{}% 27
\BOOKMARK [1][-]{section.4.1}{\376\377\000P\000e\000n\000g\000g\000u\000n\000a\000a\000n\000\040\000D\000a\000t\000a\000s\000e\000t}{chapter.4}% 28
\BOOKMARK [1][-]{section.4.2}{\376\377\000A\000k\000u\000i\000s\000i\000s\000i\000\040\000G\000a\000m\000b\000a\000r}{chapter.4}% 29
\BOOKMARK [1][-]{section.4.3}{\376\377\000A\000n\000a\000l\000i\000s\000i\000s\000\040\000H\000a\000s\000i\000l\000\040\000P\000e\000n\000e\000l\000i\000t\000i\000a\000n}{chapter.4}% 30
\BOOKMARK [1][-]{section.4.4}{\376\377\000P\000e\000m\000b\000a\000h\000a\000s\000a\000n}{chapter.4}% 31
\BOOKMARK [0][-]{chapter.5}{\376\377\000K\000E\000S\000I\000M\000P\000U\000L\000A\000N\000\040\000D\000A\000N\000\040\000S\000A\000R\000A\000N}{}% 32
\BOOKMARK [1][-]{section.5.1}{\376\377\000K\000e\000s\000i\000m\000p\000u\000l\000a\000n}{chapter.5}% 33
\BOOKMARK [1][-]{section.5.2}{\376\377\000S\000a\000r\000a\000n}{chapter.5}% 34
\BOOKMARK [0][-]{section*.11}{\376\377\000D\000A\000F\000T\000A\000R\000\040\000P\000U\000S\000T\000A\000K\000A}{}% 35
\BOOKMARK [0][-]{chapter*.12}{\376\377\000L\000A\000M\000P\000I\000R\000A\000N}{}% 36
